# JRE version: OpenJDK Runtime Environment (11.0.3+7) (build 11.0.3+7-Ubuntu-1ubuntu218.04.1)
# Java VM: OpenJDK 64-Bit Server VM (11.0.3+7-Ubuntu-1ubuntu218.04.1, mixed mode, sharing, tiered, compressed oops, g1 gc, linux-amd64)
Heap:
 garbage-first heap   total 826368K, used 260142K [0x0000000085000000, 0x0000000100000000)
  region size 1024K, 2 young (2048K), 2 survivors (2048K)
 Metaspace       used 44452K, capacity 45589K, committed 46416K, reserved 1089536K
  class space    used 5161K, capacity 5569K, committed 5888K, reserved 1048576K
GC Heap History (10 events):
Event: 14818.367 GC heap after
{Heap after GC invocations=22 (full 0):
 garbage-first heap   total 226304K, used 213978K [0x0000000085000000, 0x0000000100000000)
  region size 1024K, 2 young (2048K), 2 survivors (2048K)
 Metaspace       used 44877K, capacity 46208K, committed 46416K, reserved 1089536K
  class space    used 5271K, capacity 5780K, committed 5888K, reserved 1048576K
}
Event: 14818.388 GC heap before
{Heap before GC invocations=22 (full 0):
 garbage-first heap   total 226304K, used 223194K [0x0000000085000000, 0x0000000100000000)
  region size 1024K, 11 young (11264K), 2 survivors (2048K)
 Metaspace       used 44877K, capacity 46208K, committed 46416K, reserved 1089536K
  class space    used 5271K, capacity 5780K, committed 5888K, reserved 1048576K
}
Event: 14818.414 GC heap after
{Heap after GC invocations=23 (full 0):
 garbage-first heap   total 235520K, used 222844K [0x0000000085000000, 0x0000000100000000)
  region size 1024K, 2 young (2048K), 2 survivors (2048K)
 Metaspace       used 44877K, capacity 46208K, committed 46416K, reserved 1089536K
  class space    used 5271K, capacity 5780K, committed 5888K, reserved 1048576K
}
Event: 14818.434 GC heap before
{Heap before GC invocations=23 (full 0):
 garbage-first heap   total 235520K, used 234108K [0x0000000085000000, 0x0000000100000000)
  region size 1024K, 11 young (11264K), 2 survivors (2048K)
 Metaspace       used 44877K, capacity 46208K, committed 46416K, reserved 1089536K
  class space    used 5271K, capacity 5780K, committed 5888K, reserved 1048576K
}
Event: 14818.449 GC heap after
{Heap after GC invocations=24 (full 0):
 garbage-first heap   total 246784K, used 233466K [0x0000000085000000, 0x0000000100000000)
  region size 1024K, 2 young (2048K), 2 survivors (2048K)
 Metaspace       used 44877K, capacity 46208K, committed 46416K, reserved 1089536K
  class space    used 5271K, capacity 5780K, committed 5888K, reserved 1048576K
}
Event: 14818.472 GC heap before
{Heap before GC invocations=24 (full 0):
 garbage-first heap   total 246784K, used 243706K [0x0000000085000000, 0x0000000100000000)
  region size 1024K, 12 young (12288K), 2 survivors (2048K)
 Metaspace       used 44877K, capacity 46208K, committed 46416K, reserved 1089536K
  class space    used 5271K, capacity 5780K, committed 5888K, reserved 1048576K
}
Event: 14818.486 GC heap after
{Heap after GC invocations=25 (full 0):
 garbage-first heap   total 257024K, used 243078K [0x0000000085000000, 0x0000000100000000)
  region size 1024K, 2 young (2048K), 2 survivors (2048K)
 Metaspace       used 44877K, capacity 46208K, committed 46416K, reserved 1089536K
  class space    used 5271K, capacity 5780K, committed 5888K, reserved 1048576K
}
Event: 14818.508 GC heap before
{Heap before GC invocations=25 (full 0):
 garbage-first heap   total 257024K, used 253318K [0x0000000085000000, 0x0000000100000000)
  region size 1024K, 12 young (12288K), 2 survivors (2048K)
 Metaspace       used 44877K, capacity 46208K, committed 46416K, reserved 1089536K
  class space    used 5271K, capacity 5780K, committed 5888K, reserved 1048576K
}
Event: 14818.526 GC heap after
{Heap after GC invocations=26 (full 0):
 garbage-first heap   total 266240K, used 252365K [0x0000000085000000, 0x0000000100000000)
  region size 1024K, 2 young (2048K), 2 survivors (2048K)
 Metaspace       used 44877K, capacity 46208K, committed 46416K, reserved 1089536K
  class space    used 5271K, capacity 5780K, committed 5888K, reserved 1048576K
}
Event: 14818.867 GC heap before
{Heap before GC invocations=26 (full 0):
 garbage-first heap   total 266240K, used 261581K [0x0000000085000000, 0x0000000100000000)
  region size 1024K, 13 young (13312K), 2 survivors (2048K)
 Metaspace       used 44452K, capacity 45589K, committed 46416K, reserved 1089536K
  class space    used 5161K, capacity 5569K, committed 5888K, reserved 1048576K
}

